<?xml version="1.0" encoding="UTF-8"?>
<!-- Generated by org.testng.reporters.JUnitReportReporter -->
<testsuite skipped="0" hostname="ESS17001DXB0374" name="oneWaySearch.Emirates.LowestPriceFlightNumber2" tests="1" failures="0" timestamp="06 Jan 2020 19:56:52 GMT" time="73.257" errors="0">
  <testcase name="oneWayFlightSearch" time="73.257" classname="oneWaySearch.Emirates.LowestPriceFlightNumber2"/>
</testsuite> <!-- oneWaySearch.Emirates.LowestPriceFlightNumber2 -->
