<?xml version="1.0" encoding="UTF-8"?>
<!-- Generated by org.testng.reporters.JUnitReportReporter -->
<testsuite skipped="0" hostname="ESS17001DXB0374" name="oneWaySearch.Emirates.LowestPriceFlightNumber" tests="1" failures="0" timestamp="06 Jan 2020 20:11:21 GMT" time="206.546" errors="0">
  <testcase name="oneWayFlightSearch" time="206.546" classname="oneWaySearch.Emirates.LowestPriceFlightNumber"/>
</testsuite> <!-- oneWaySearch.Emirates.LowestPriceFlightNumber -->
